{"meta": {"format": 3, "version": "7.11.0", "timestamp": "2025-11-13T15:01:29.197260", "branch_coverage": false, "show_contexts": false}, "files": {"config_loader.py": {"executed_lines": [1, 3, 4, 5, 7, 9, 23, 24, 26, 29, 30, 32, 35, 46, 47, 48, 51, 52, 53, 54, 56, 57, 60, 61, 63, 64, 67, 68, 70, 74, 75, 78, 81, 92, 93], "summary": {"covered_lines": 34, "num_statements": 41, "percent_covered": 82.92682926829268, "percent_covered_display": "83", "missing_lines": 7, "excluded_lines": 0}, "missing_lines": [27, 55, 62, 69, 71, 76, 96], "excluded_lines": [], "functions": {"load_config": {"executed_lines": [23, 24, 26, 29, 30, 32], "summary": {"covered_lines": 6, "num_statements": 7, "percent_covered": 85.71428571428571, "percent_covered_display": "86", "missing_lines": 1, "excluded_lines": 0}, "missing_lines": [27], "excluded_lines": []}, "validate_config": {"executed_lines": [46, 47, 48, 51, 52, 53, 54, 56, 57, 60, 61, 63, 64, 67, 68, 70, 74, 75, 78], "summary": {"covered_lines": 19, "num_statements": 24, "percent_covered": 79.16666666666667, "percent_covered_display": "79", "missing_lines": 5, "excluded_lines": 0}, "missing_lines": [55, 62, 69, 71, 76], "excluded_lines": []}, "get_theme_config": {"executed_lines": [92, 93], "summary": {"covered_lines": 2, "num_statements": 3, "percent_covered": 66.66666666666667, "percent_covered_display": "67", "missing_lines": 1, "excluded_lines": 0}, "missing_lines": [96], "excluded_lines": []}, "": {"executed_lines": [1, 3, 4, 5, 7, 9, 35, 81], "summary": {"covered_lines": 7, "num_statements": 7, "percent_covered": 100.0, "percent_covered_display": "100", "missing_lines": 0, "excluded_lines": 0}, "missing_lines": [], "excluded_lines": []}}, "classes": {"": {"executed_lines": [1, 3, 4, 5, 7, 9, 23, 24, 26, 29, 30, 32, 35, 46, 47, 48, 51, 52, 53, 54, 56, 57, 60, 61, 63, 64, 67, 68, 70, 74, 75, 78, 81, 92, 93], "summary": {"covered_lines": 34, "num_statements": 41, "percent_covered": 82.92682926829268, "percent_covered_display": "83", "missing_lines": 7, "excluded_lines": 0}, "missing_lines": [27, 55, 62, 69, 71, 76, 96], "excluded_lines": []}}}, "document_builder.py": {"executed_lines": [1, 3, 4, 5, 6, 7, 10, 33, 36, 39, 42, 43, 46, 47, 48, 51, 58], "summary": {"covered_lines": 16, "num_statements": 16, "percent_covered": 100.0, "percent_covered_display": "100", "missing_lines": 0, "excluded_lines": 0}, "missing_lines": [], "excluded_lines": [], "functions": {"build_html_document": {"executed_lines": [33, 36, 39, 42, 43, 46, 47, 48, 51, 58], "summary": {"covered_lines": 10, "num_statements": 10, "percent_covered": 100.0, "percent_covered_display": "100", "missing_lines": 0, "excluded_lines": 0}, "missing_lines": [], "excluded_lines": []}, "": {"executed_lines": [1, 3, 4, 5, 6, 7, 10], "summary": {"covered_lines": 6, "num_statements": 6, "percent_covered": 100.0, "percent_covered_display": "100", "missing_lines": 0, "excluded_lines": 0}, "missing_lines": [], "excluded_lines": []}}, "classes": {"": {"executed_lines": [1, 3, 4, 5, 6, 7, 10, 33, 36, 39, 42, 43, 46, 47, 48, 51, 58], "summary": {"covered_lines": 16, "num_statements": 16, "percent_covered": 100.0, "percent_covered_display": "100", "missing_lines": 0, "excluded_lines": 0}, "missing_lines": [], "excluded_lines": []}}}, "markdown_renderer.py": {"executed_lines": [1, 8, 9, 12, 15, 36, 39, 42, 67, 72, 74, 75, 77], "summary": {"covered_lines": 12, "num_statements": 14, "percent_covered": 85.71428571428571, "percent_covered_display": "86", "missing_lines": 2, "excluded_lines": 0}, "missing_lines": [37, 68], "excluded_lines": [], "functions": {"render_markdown": {"executed_lines": [36, 39], "summary": {"covered_lines": 2, "num_statements": 3, "percent_covered": 66.66666666666667, "percent_covered_display": "67", "missing_lines": 1, "excluded_lines": 0}, "missing_lines": [37], "excluded_lines": []}, "extract_title": {"executed_lines": [67, 72, 74, 75, 77], "summary": {"covered_lines": 5, "num_statements": 6, "percent_covered": 83.33333333333333, "percent_covered_display": "83", "missing_lines": 1, "excluded_lines": 0}, "missing_lines": [68], "excluded_lines": []}, "": {"executed_lines": [1, 8, 9, 12, 15, 42], "summary": {"covered_lines": 5, "num_statements": 5, "percent_covered": 100.0, "percent_covered_display": "100", "missing_lines": 0, "excluded_lines": 0}, "missing_lines": [], "excluded_lines": []}}, "classes": {"": {"executed_lines": [1, 8, 9, 12, 15, 36, 39, 42, 67, 72, 74, 75, 77], "summary": {"covered_lines": 12, "num_statements": 14, "percent_covered": 85.71428571428571, "percent_covered_display": "86", "missing_lines": 2, "excluded_lines": 0}, "missing_lines": [37, 68], "excluded_lines": []}}}, "md2pdf.py": {"executed_lines": [2, 9, 10, 11, 12, 13, 14, 15, 16, 18, 19, 20, 22, 25, 28, 29, 30, 31, 33, 34, 37, 38, 40, 43, 45, 47, 65, 66, 67, 70, 73, 75, 77, 90, 91, 93, 94, 97, 98, 100, 104, 134, 144, 145, 146, 148, 149, 151, 152, 155, 158, 159, 160, 161, 163, 165, 175, 177, 178, 181, 182, 183, 186, 187, 191, 192, 195, 196, 198, 199, 200, 201, 203, 207, 218, 220, 221, 223, 224, 227, 228, 231, 232, 234, 236, 237, 239, 241, 258, 259, 262, 265, 268, 270, 275, 278, 279, 282, 283, 295, 296, 299, 302, 303, 305, 307, 311], "summary": {"covered_lines": 106, "num_statements": 136, "percent_covered": 77.94117647058823, "percent_covered_display": "78", "missing_lines": 30, "excluded_lines": 0}, "missing_lines": [101, 102, 103, 107, 109, 110, 111, 112, 113, 116, 118, 119, 120, 121, 122, 125, 126, 127, 128, 129, 131, 132, 156, 188, 189, 204, 205, 273, 309, 312], "excluded_lines": [], "functions": {"cli": {"executed_lines": [22, 25, 28, 29, 30, 31, 33, 34, 37, 38, 40, 43, 45], "summary": {"covered_lines": 13, "num_statements": 13, "percent_covered": 100.0, "percent_covered_display": "100", "missing_lines": 0, "excluded_lines": 0}, "missing_lines": [], "excluded_lines": []}, "glob_files": {"executed_lines": [65, 66, 67, 70, 73, 75], "summary": {"covered_lines": 6, "num_statements": 6, "percent_covered": 100.0, "percent_covered_display": "100", "missing_lines": 0, "excluded_lines": 0}, "missing_lines": [], "excluded_lines": []}, "prompt_file_selection": {"executed_lines": [90, 91, 93, 94, 97, 98, 100, 104], "summary": {"covered_lines": 8, "num_statements": 30, "percent_covered": 26.666666666666668, "percent_covered_display": "27", "missing_lines": 22, "excluded_lines": 0}, "missing_lines": [101, 102, 103, 107, 109, 110, 111, 112, 113, 116, 118, 119, 120, 121, 122, 125, 126, 127, 128, 129, 131, 132], "excluded_lines": []}, "prompt_output_format": {"executed_lines": [144, 145, 146, 148, 149, 151, 152, 155, 158, 159, 160, 161, 163], "summary": {"covered_lines": 13, "num_statements": 14, "percent_covered": 92.85714285714286, "percent_covered_display": "93", "missing_lines": 1, "excluded_lines": 0}, "missing_lines": [156], "excluded_lines": []}, "prompt_theme_selection": {"executed_lines": [175, 177, 178, 181, 182, 183, 186, 187, 191, 192, 195, 196, 198, 199, 200, 201, 203], "summary": {"covered_lines": 17, "num_statements": 21, "percent_covered": 80.95238095238095, "percent_covered_display": "81", "missing_lines": 4, "excluded_lines": 0}, "missing_lines": [188, 189, 204, 205], "excluded_lines": []}, "prompt_filename": {"executed_lines": [218, 220, 221, 223, 224, 227, 228, 231, 232, 234, 236, 237, 239], "summary": {"covered_lines": 13, "num_statements": 13, "percent_covered": 100.0, "percent_covered_display": "100", "missing_lines": 0, "excluded_lines": 0}, "missing_lines": [], "excluded_lines": []}, "process_conversion": {"executed_lines": [258, 259, 262, 265, 268, 270, 275, 278, 279, 282, 283, 295, 296, 299, 302, 303, 305], "summary": {"covered_lines": 17, "num_statements": 18, "percent_covered": 94.44444444444444, "percent_covered_display": "94", "missing_lines": 1, "excluded_lines": 0}, "missing_lines": [273], "excluded_lines": []}, "main": {"executed_lines": [], "summary": {"covered_lines": 0, "num_statements": 1, "percent_covered": 0.0, "percent_covered_display": "0", "missing_lines": 1, "excluded_lines": 0}, "missing_lines": [309], "excluded_lines": []}, "": {"executed_lines": [2, 9, 10, 11, 12, 13, 14, 15, 16, 18, 19, 20, 47, 77, 134, 165, 207, 241, 307, 311], "summary": {"covered_lines": 19, "num_statements": 20, "percent_covered": 95.0, "percent_covered_display": "95", "missing_lines": 1, "excluded_lines": 0}, "missing_lines": [312], "excluded_lines": []}}, "classes": {"": {"executed_lines": [2, 9, 10, 11, 12, 13, 14, 15, 16, 18, 19, 20, 22, 25, 28, 29, 30, 31, 33, 34, 37, 38, 40, 43, 45, 47, 65, 66, 67, 70, 73, 75, 77, 90, 91, 93, 94, 97, 98, 100, 104, 134, 144, 145, 146, 148, 149, 151, 152, 155, 158, 159, 160, 161, 163, 165, 175, 177, 178, 181, 182, 183, 186, 187, 191, 192, 195, 196, 198, 199, 200, 201, 203, 207, 218, 220, 221, 223, 224, 227, 228, 231, 232, 234, 236, 237, 239, 241, 258, 259, 262, 265, 268, 270, 275, 278, 279, 282, 283, 295, 296, 299, 302, 303, 305, 307, 311], "summary": {"covered_lines": 106, "num_statements": 136, "percent_covered": 77.94117647058823, "percent_covered_display": "78", "missing_lines": 30, "excluded_lines": 0}, "missing_lines": [101, 102, 103, 107, 109, 110, 111, 112, 113, 116, 118, 119, 120, 121, 122, 125, 126, 127, 128, 129, 131, 132, 156, 188, 189, 204, 205, 273, 309, 312], "excluded_lines": []}}}, "renderer_client.py": {"executed_lines": [1, 7, 8, 9, 10, 11, 12, 14, 15, 16, 18, 19, 20, 22, 23, 40, 48, 49, 50, 51, 53, 64, 68, 69, 73, 74, 77, 85, 86, 87, 88, 89, 99, 101, 102, 103, 104, 108, 110, 117, 118, 121, 123, 133, 134, 138, 139, 143, 158, 163, 164, 169, 170, 176, 189, 191, 192, 197, 198, 204, 206, 207, 209, 211, 212], "summary": {"covered_lines": 61, "num_statements": 80, "percent_covered": 76.25, "percent_covered_display": "76", "missing_lines": 19, "excluded_lines": 0}, "missing_lines": [65, 70, 90, 91, 93, 96, 97, 105, 106, 140, 141, 171, 172, 173, 174, 199, 200, 201, 202], "excluded_lines": [], "functions": {"RendererClient.__init__": {"executed_lines": [48, 49, 50, 51], "summary": {"covered_lines": 4, "num_statements": 4, "percent_covered": 100.0, "percent_covered_display": "100", "missing_lines": 0, "excluded_lines": 0}, "missing_lines": [], "excluded_lines": []}, "RendererClient.start_server": {"executed_lines": [64, 68, 69, 73, 74, 77, 85, 86, 87, 88, 89], "summary": {"covered_lines": 11, "num_statements": 18, "percent_covered": 61.111111111111114, "percent_covered_display": "61", "missing_lines": 7, "excluded_lines": 0}, "missing_lines": [65, 70, 90, 91, 93, 96, 97], "excluded_lines": []}, "RendererClient.stop_server": {"executed_lines": [101, 102, 103, 104, 108], "summary": {"covered_lines": 5, "num_statements": 7, "percent_covered": 71.42857142857143, "percent_covered_display": "71", "missing_lines": 2, "excluded_lines": 0}, "missing_lines": [105, 106], "excluded_lines": []}, "RendererClient.is_server_running": {"executed_lines": [117, 118, 121], "summary": {"covered_lines": 3, "num_statements": 3, "percent_covered": 100.0, "percent_covered_display": "100", "missing_lines": 0, "excluded_lines": 0}, "missing_lines": [], "excluded_lines": []}, "RendererClient.health_check": {"executed_lines": [133, 134, 138, 139], "summary": {"covered_lines": 4, "num_statements": 6, "percent_covered": 66.66666666666667, "percent_covered_display": "67", "missing_lines": 2, "excluded_lines": 0}, "missing_lines": [140, 141], "excluded_lines": []}, "RendererClient.render_pdf": {"executed_lines": [158, 163, 164, 169, 170], "summary": {"covered_lines": 5, "num_statements": 9, "percent_covered": 55.55555555555556, "percent_covered_display": "56", "missing_lines": 4, "excluded_lines": 0}, "missing_lines": [171, 172, 173, 174], "excluded_lines": []}, "RendererClient.render_html": {"executed_lines": [189, 191, 192, 197, 198], "summary": {"covered_lines": 5, "num_statements": 9, "percent_covered": 55.55555555555556, "percent_covered_display": "56", "missing_lines": 4, "excluded_lines": 0}, "missing_lines": [199, 200, 201, 202], "excluded_lines": []}, "RendererClient.__enter__": {"executed_lines": [206, 207], "summary": {"covered_lines": 2, "num_statements": 2, "percent_covered": 100.0, "percent_covered_display": "100", "missing_lines": 0, "excluded_lines": 0}, "missing_lines": [], "excluded_lines": []}, "RendererClient.__exit__": {"executed_lines": [211, 212], "summary": {"covered_lines": 2, "num_statements": 2, "percent_covered": 100.0, "percent_covered_display": "100", "missing_lines": 0, "excluded_lines": 0}, "missing_lines": [], "excluded_lines": []}, "": {"executed_lines": [1, 7, 8, 9, 10, 11, 12, 14, 15, 16, 18, 19, 20, 22, 23, 40, 53, 99, 110, 123, 143, 176, 204, 209], "summary": {"covered_lines": 20, "num_statements": 20, "percent_covered": 100.0, "percent_covered_display": "100", "missing_lines": 0, "excluded_lines": 0}, "missing_lines": [], "excluded_lines": []}}, "classes": {"RendererServerError": {"executed_lines": [], "summary": {"covered_lines": 0, "num_statements": 0, "percent_covered": 100.0, "percent_covered_display": "100", "missing_lines": 0, "excluded_lines": 0}, "missing_lines": [], "excluded_lines": []}, "RendererTimeoutError": {"executed_lines": [], "summary": {"covered_lines": 0, "num_statements": 0, "percent_covered": 100.0, "percent_covered_display": "100", "missing_lines": 0, "excluded_lines": 0}, "missing_lines": [], "excluded_lines": []}, "RendererClient": {"executed_lines": [48, 49, 50, 51, 64, 68, 69, 73, 74, 77, 85, 86, 87, 88, 89, 101, 102, 103, 104, 108, 117, 118, 121, 133, 134, 138, 139, 158, 163, 164, 169, 170, 189, 191, 192, 197, 198, 206, 207, 211, 212], "summary": {"covered_lines": 41, "num_statements": 60, "percent_covered": 68.33333333333333, "percent_covered_display": "68", "missing_lines": 19, "excluded_lines": 0}, "missing_lines": [65, 70, 90, 91, 93, 96, 97, 105, 106, 140, 141, 171, 172, 173, 174, 199, 200, 201, 202], "excluded_lines": []}, "": {"executed_lines": [1, 7, 8, 9, 10, 11, 12, 14, 15, 16, 18, 19, 20, 22, 23, 40, 53, 99, 110, 123, 143, 176, 204, 209], "summary": {"covered_lines": 20, "num_statements": 20, "percent_covered": 100.0, "percent_covered_display": "100", "missing_lines": 0, "excluded_lines": 0}, "missing_lines": [], "excluded_lines": []}}}, "tests/test_cli.py": {"executed_lines": [1, 2, 3, 4, 5, 7, 8, 11, 13, 14, 16, 17, 19, 22, 24, 25, 26, 27, 28, 29, 31, 34, 35, 36, 37, 39, 41, 42, 43, 44, 45, 46, 48, 49, 50, 51, 52, 54, 57, 58, 59, 61, 63, 65, 69, 71, 74, 75, 76, 78, 79, 80, 81, 83, 85, 88, 89, 90, 91, 93, 94, 96, 98, 100, 101, 103, 105, 108, 109, 110, 112, 113, 114, 116, 118, 120, 121, 124, 125, 126, 128, 129, 130, 131, 132, 133, 135, 136, 139, 140, 141, 142, 145, 146, 148, 149, 151, 152, 153, 154, 155, 158, 163, 164, 167, 168, 169, 171, 172, 174, 175, 177, 179, 181, 182, 185, 186, 188, 190, 193, 194, 195, 198, 200, 201, 205, 207, 210, 211, 213, 214, 216, 218, 220, 223, 224, 226, 227, 229, 231, 233, 236, 237, 239, 240, 242, 246, 248, 249, 252, 253, 255, 256, 258, 259, 261, 263, 266, 267, 269, 270, 272, 274, 276, 279, 280, 282, 283, 286, 287, 291, 293, 294, 297, 298, 300, 301, 303, 305, 307, 308, 311, 312, 314, 315, 317, 319, 321, 322, 325, 326, 328, 329, 331, 333, 335, 336, 339, 340, 342, 343, 346, 351, 353, 354, 357, 358, 360, 370, 373, 376, 385, 386, 389, 391, 392, 395, 396, 398, 403, 406, 409, 418, 419, 420, 421, 426, 427, 429, 432, 434, 437, 438, 458, 462, 465, 468, 469, 472, 473, 474, 477, 479, 482, 483, 486, 490, 493, 496, 499, 500, 501, 502], "summary": {"covered_lines": 253, "num_statements": 253, "percent_covered": 100.0, "percent_covered_display": "100", "missing_lines": 0, "excluded_lines": 0}, "missing_lines": [], "excluded_lines": [], "functions": {"test_cli_displays_welcome": {"executed_lines": [11, 13, 14, 16, 17], "summary": {"covered_lines": 5, "num_statements": 5, "percent_covered": 100.0, "percent_covered_display": "100", "missing_lines": 0, "excluded_lines": 0}, "missing_lines": [], "excluded_lines": []}, "test_main_entry_point": {"executed_lines": [22], "summary": {"covered_lines": 1, "num_statements": 1, "percent_covered": 100.0, "percent_covered_display": "100", "missing_lines": 0, "excluded_lines": 0}, "missing_lines": [], "excluded_lines": []}, "test_cli_interactive_flow_single_file": {"executed_lines": [31, 34, 35, 36, 37, 39, 41, 42, 43, 44, 45, 46], "summary": {"covered_lines": 12, "num_statements": 12, "percent_covered": 100.0, "percent_covered_display": "100", "missing_lines": 0, "excluded_lines": 0}, "missing_lines": [], "excluded_lines": []}, "test_cli_interactive_flow_batch_mode": {"executed_lines": [54, 57, 58, 59, 61, 63, 65], "summary": {"covered_lines": 7, "num_statements": 7, "percent_covered": 100.0, "percent_covered_display": "100", "missing_lines": 0, "excluded_lines": 0}, "missing_lines": [], "excluded_lines": []}, "test_glob_files_pattern": {"executed_lines": [71, 74, 75, 76, 78, 79, 80, 81], "summary": {"covered_lines": 8, "num_statements": 8, "percent_covered": 100.0, "percent_covered_display": "100", "missing_lines": 0, "excluded_lines": 0}, "missing_lines": [], "excluded_lines": []}, "test_glob_files_recursive": {"executed_lines": [85, 88, 89, 90, 91, 93, 94], "summary": {"covered_lines": 7, "num_statements": 7, "percent_covered": 100.0, "percent_covered_display": "100", "missing_lines": 0, "excluded_lines": 0}, "missing_lines": [], "excluded_lines": []}, "test_glob_files_no_matches": {"executed_lines": [98, 100, 101], "summary": {"covered_lines": 3, "num_statements": 3, "percent_covered": 100.0, "percent_covered_display": "100", "missing_lines": 0, "excluded_lines": 0}, "missing_lines": [], "excluded_lines": []}, "test_glob_files_sorted": {"executed_lines": [105, 108, 109, 110, 112, 113, 114], "summary": {"covered_lines": 7, "num_statements": 7, "percent_covered": 100.0, "percent_covered_display": "100", "missing_lines": 0, "excluded_lines": 0}, "missing_lines": [], "excluded_lines": []}, "test_glob_files_single_file": {"executed_lines": [118, 120, 121, 124, 125, 126], "summary": {"covered_lines": 6, "num_statements": 6, "percent_covered": 100.0, "percent_covered_display": "100", "missing_lines": 0, "excluded_lines": 0}, "missing_lines": [], "excluded_lines": []}, "test_prompt_file_selection_integration_single_file": {"executed_lines": [135, 136, 139, 140, 141, 142, 145, 146, 148, 149], "summary": {"covered_lines": 10, "num_statements": 10, "percent_covered": 100.0, "percent_covered_display": "100", "missing_lines": 0, "excluded_lines": 0}, "missing_lines": [], "excluded_lines": []}, "test_prompt_file_selection_integration_batch": {"executed_lines": [158, 163, 164, 167, 168, 169, 171, 172, 174, 175], "summary": {"covered_lines": 10, "num_statements": 10, "percent_covered": 100.0, "percent_covered_display": "100", "missing_lines": 0, "excluded_lines": 0}, "missing_lines": [], "excluded_lines": []}, "test_file_selection_logic_single_markdown": {"executed_lines": [179, 181, 182, 185, 186], "summary": {"covered_lines": 5, "num_statements": 5, "percent_covered": 100.0, "percent_covered_display": "100", "missing_lines": 0, "excluded_lines": 0}, "missing_lines": [], "excluded_lines": []}, "test_file_selection_logic_batch_markdown": {"executed_lines": [190, 193, 194, 195, 198, 200, 201], "summary": {"covered_lines": 7, "num_statements": 7, "percent_covered": 100.0, "percent_covered_display": "100", "missing_lines": 0, "excluded_lines": 0}, "missing_lines": [], "excluded_lines": []}, "test_prompt_output_format_pdf_selection": {"executed_lines": [207, 210, 211, 213, 214, 216], "summary": {"covered_lines": 6, "num_statements": 6, "percent_covered": 100.0, "percent_covered_display": "100", "missing_lines": 0, "excluded_lines": 0}, "missing_lines": [], "excluded_lines": []}, "test_prompt_output_format_html_selection": {"executed_lines": [220, 223, 224, 226, 227, 229], "summary": {"covered_lines": 6, "num_statements": 6, "percent_covered": 100.0, "percent_covered_display": "100", "missing_lines": 0, "excluded_lines": 0}, "missing_lines": [], "excluded_lines": []}, "test_prompt_output_format_invalid_then_valid": {"executed_lines": [233, 236, 237, 239, 240, 242], "summary": {"covered_lines": 6, "num_statements": 6, "percent_covered": 100.0, "percent_covered_display": "100", "missing_lines": 0, "excluded_lines": 0}, "missing_lines": [], "excluded_lines": []}, "test_prompt_theme_selection_valid": {"executed_lines": [248, 249, 252, 253, 255, 256, 258, 259], "summary": {"covered_lines": 8, "num_statements": 8, "percent_covered": 100.0, "percent_covered_display": "100", "missing_lines": 0, "excluded_lines": 0}, "missing_lines": [], "excluded_lines": []}, "test_prompt_theme_selection_default": {"executed_lines": [263, 266, 267, 269, 270, 272], "summary": {"covered_lines": 6, "num_statements": 6, "percent_covered": 100.0, "percent_covered_display": "100", "missing_lines": 0, "excluded_lines": 0}, "missing_lines": [], "excluded_lines": []}, "test_prompt_theme_selection_invalid_then_valid": {"executed_lines": [276, 279, 280, 282, 283, 286, 287], "summary": {"covered_lines": 7, "num_statements": 7, "percent_covered": 100.0, "percent_covered_display": "100", "missing_lines": 0, "excluded_lines": 0}, "missing_lines": [], "excluded_lines": []}, "test_prompt_filename_accepts_default": {"executed_lines": [293, 294, 297, 298, 300, 301, 303], "summary": {"covered_lines": 7, "num_statements": 7, "percent_covered": 100.0, "percent_covered_display": "100", "missing_lines": 0, "excluded_lines": 0}, "missing_lines": [], "excluded_lines": []}, "test_prompt_filename_custom_name": {"executed_lines": [307, 308, 311, 312, 314, 315, 317], "summary": {"covered_lines": 7, "num_statements": 7, "percent_covered": 100.0, "percent_covered_display": "100", "missing_lines": 0, "excluded_lines": 0}, "missing_lines": [], "excluded_lines": []}, "test_prompt_filename_adds_extension": {"executed_lines": [321, 322, 325, 326, 328, 329, 331], "summary": {"covered_lines": 7, "num_statements": 7, "percent_covered": 100.0, "percent_covered_display": "100", "missing_lines": 0, "excluded_lines": 0}, "missing_lines": [], "excluded_lines": []}, "test_prompt_filename_wrong_extension_corrected": {"executed_lines": [335, 336, 339, 340, 342, 343, 346], "summary": {"covered_lines": 7, "num_statements": 7, "percent_covered": 100.0, "percent_covered_display": "100", "missing_lines": 0, "excluded_lines": 0}, "missing_lines": [], "excluded_lines": []}, "test_process_conversion_pdf_creates_file": {"executed_lines": [353, 354, 357, 358, 360, 370, 373, 376, 385, 386], "summary": {"covered_lines": 10, "num_statements": 10, "percent_covered": 100.0, "percent_covered_display": "100", "missing_lines": 0, "excluded_lines": 0}, "missing_lines": [], "excluded_lines": []}, "test_process_conversion_html_creates_file": {"executed_lines": [391, 392, 395, 396, 398, 403, 406, 409, 418, 419, 420, 421], "summary": {"covered_lines": 12, "num_statements": 12, "percent_covered": 100.0, "percent_covered_display": "100", "missing_lines": 0, "excluded_lines": 0}, "missing_lines": [], "excluded_lines": []}, "runner": {"executed_lines": [429], "summary": {"covered_lines": 1, "num_statements": 1, "percent_covered": 100.0, "percent_covered_display": "100", "missing_lines": 0, "excluded_lines": 0}, "missing_lines": [], "excluded_lines": []}, "test_full_cli_integration_pdf": {"executed_lines": [434, 437, 438, 458, 462, 465, 468, 469, 472, 473, 474], "summary": {"covered_lines": 11, "num_statements": 11, "percent_covered": 100.0, "percent_covered_display": "100", "missing_lines": 0, "excluded_lines": 0}, "missing_lines": [], "excluded_lines": []}, "test_full_cli_integration_html": {"executed_lines": [479, 482, 483, 486, 490, 493, 496, 499, 500, 501, 502], "summary": {"covered_lines": 11, "num_statements": 11, "percent_covered": 100.0, "percent_covered_display": "100", "missing_lines": 0, "excluded_lines": 0}, "missing_lines": [], "excluded_lines": []}, "": {"executed_lines": [1, 2, 3, 4, 5, 7, 8, 19, 24, 25, 26, 27, 28, 29, 48, 49, 50, 51, 52, 69, 83, 96, 103, 116, 128, 129, 130, 131, 132, 133, 151, 152, 153, 154, 155, 177, 188, 205, 218, 231, 246, 261, 274, 291, 305, 319, 333, 351, 389, 426, 427, 432, 477], "summary": {"covered_lines": 53, "num_statements": 53, "percent_covered": 100.0, "percent_covered_display": "100", "missing_lines": 0, "excluded_lines": 0}, "missing_lines": [], "excluded_lines": []}}, "classes": {"": {"executed_lines": [1, 2, 3, 4, 5, 7, 8, 11, 13, 14, 16, 17, 19, 22, 24, 25, 26, 27, 28, 29, 31, 34, 35, 36, 37, 39, 41, 42, 43, 44, 45, 46, 48, 49, 50, 51, 52, 54, 57, 58, 59, 61, 63, 65, 69, 71, 74, 75, 76, 78, 79, 80, 81, 83, 85, 88, 89, 90, 91, 93, 94, 96, 98, 100, 101, 103, 105, 108, 109, 110, 112, 113, 114, 116, 118, 120, 121, 124, 125, 126, 128, 129, 130, 131, 132, 133, 135, 136, 139, 140, 141, 142, 145, 146, 148, 149, 151, 152, 153, 154, 155, 158, 163, 164, 167, 168, 169, 171, 172, 174, 175, 177, 179, 181, 182, 185, 186, 188, 190, 193, 194, 195, 198, 200, 201, 205, 207, 210, 211, 213, 214, 216, 218, 220, 223, 224, 226, 227, 229, 231, 233, 236, 237, 239, 240, 242, 246, 248, 249, 252, 253, 255, 256, 258, 259, 261, 263, 266, 267, 269, 270, 272, 274, 276, 279, 280, 282, 283, 286, 287, 291, 293, 294, 297, 298, 300, 301, 303, 305, 307, 308, 311, 312, 314, 315, 317, 319, 321, 322, 325, 326, 328, 329, 331, 333, 335, 336, 339, 340, 342, 343, 346, 351, 353, 354, 357, 358, 360, 370, 373, 376, 385, 386, 389, 391, 392, 395, 396, 398, 403, 406, 409, 418, 419, 420, 421, 426, 427, 429, 432, 434, 437, 438, 458, 462, 465, 468, 469, 472, 473, 474, 477, 479, 482, 483, 486, 490, 493, 496, 499, 500, 501, 502], "summary": {"covered_lines": 253, "num_statements": 253, "percent_covered": 100.0, "percent_covered_display": "100", "missing_lines": 0, "excluded_lines": 0}, "missing_lines": [], "excluded_lines": []}}}, "tests/test_config_loader.py": {"executed_lines": [1, 2, 3, 4, 6, 8, 9, 10, 11, 13, 15, 16, 18, 19, 21, 23, 29, 31, 33, 34, 36, 38, 44, 46, 48, 54, 56, 58, 64, 66, 68, 73, 74], "summary": {"covered_lines": 33, "num_statements": 33, "percent_covered": 100.0, "percent_covered_display": "100", "missing_lines": 0, "excluded_lines": 0}, "missing_lines": [], "excluded_lines": [], "functions": {"test_load_config_default": {"executed_lines": [8, 9, 10, 11], "summary": {"covered_lines": 4, "num_statements": 4, "percent_covered": 100.0, "percent_covered_display": "100", "missing_lines": 0, "excluded_lines": 0}, "missing_lines": [], "excluded_lines": []}, "test_load_config_custom": {"executed_lines": [15, 16, 18, 19], "summary": {"covered_lines": 4, "num_statements": 4, "percent_covered": 100.0, "percent_covered_display": "100", "missing_lines": 0, "excluded_lines": 0}, "missing_lines": [], "excluded_lines": []}, "test_validate_config_valid": {"executed_lines": [23, 29], "summary": {"covered_lines": 2, "num_statements": 2, "percent_covered": 100.0, "percent_covered_display": "100", "missing_lines": 0, "excluded_lines": 0}, "missing_lines": [], "excluded_lines": []}, "test_validate_config_missing_required": {"executed_lines": [33, 34], "summary": {"covered_lines": 2, "num_statements": 2, "percent_covered": 100.0, "percent_covered_display": "100", "missing_lines": 0, "excluded_lines": 0}, "missing_lines": [], "excluded_lines": []}, "test_validate_config_invalid_format": {"executed_lines": [38, 44], "summary": {"covered_lines": 2, "num_statements": 2, "percent_covered": 100.0, "percent_covered_display": "100", "missing_lines": 0, "excluded_lines": 0}, "missing_lines": [], "excluded_lines": []}, "test_validate_config_missing_nested_keys": {"executed_lines": [48, 54], "summary": {"covered_lines": 2, "num_statements": 2, "percent_covered": 100.0, "percent_covered_display": "100", "missing_lines": 0, "excluded_lines": 0}, "missing_lines": [], "excluded_lines": []}, "test_validate_config_wrong_types": {"executed_lines": [58, 64], "summary": {"covered_lines": 2, "num_statements": 2, "percent_covered": 100.0, "percent_covered_display": "100", "missing_lines": 0, "excluded_lines": 0}, "missing_lines": [], "excluded_lines": []}, "test_get_theme_config": {"executed_lines": [68, 73, 74], "summary": {"covered_lines": 3, "num_statements": 3, "percent_covered": 100.0, "percent_covered_display": "100", "missing_lines": 0, "excluded_lines": 0}, "missing_lines": [], "excluded_lines": []}, "": {"executed_lines": [1, 2, 3, 4, 6, 13, 21, 31, 36, 46, 56, 66], "summary": {"covered_lines": 12, "num_statements": 12, "percent_covered": 100.0, "percent_covered_display": "100", "missing_lines": 0, "excluded_lines": 0}, "missing_lines": [], "excluded_lines": []}}, "classes": {"": {"executed_lines": [1, 2, 3, 4, 6, 8, 9, 10, 11, 13, 15, 16, 18, 19, 21, 23, 29, 31, 33, 34, 36, 38, 44, 46, 48, 54, 56, 58, 64, 66, 68, 73, 74], "summary": {"covered_lines": 33, "num_statements": 33, "percent_covered": 100.0, "percent_covered_display": "100", "missing_lines": 0, "excluded_lines": 0}, "missing_lines": [], "excluded_lines": []}}}, "tests/test_document_builder.py": {"executed_lines": [1, 3, 4, 5, 8, 10, 11, 15, 22, 23, 24, 25, 28, 30, 31, 35, 42, 43, 46, 48, 49, 56, 62], "summary": {"covered_lines": 22, "num_statements": 22, "percent_covered": 100.0, "percent_covered_display": "100", "missing_lines": 0, "excluded_lines": 0}, "missing_lines": [], "excluded_lines": [], "functions": {"test_build_html_document_basic": {"executed_lines": [10, 11, 15, 22, 23, 24, 25], "summary": {"covered_lines": 7, "num_statements": 7, "percent_covered": 100.0, "percent_covered_display": "100", "missing_lines": 0, "excluded_lines": 0}, "missing_lines": [], "excluded_lines": []}, "test_build_html_document_includes_theme_css": {"executed_lines": [30, 31, 35, 42, 43], "summary": {"covered_lines": 5, "num_statements": 5, "percent_covered": 100.0, "percent_covered_display": "100", "missing_lines": 0, "excluded_lines": 0}, "missing_lines": [], "excluded_lines": []}, "test_build_html_document_includes_mermaid_theme": {"executed_lines": [48, 49, 56, 62], "summary": {"covered_lines": 4, "num_statements": 4, "percent_covered": 100.0, "percent_covered_display": "100", "missing_lines": 0, "excluded_lines": 0}, "missing_lines": [], "excluded_lines": []}, "": {"executed_lines": [1, 3, 4, 5, 8, 28, 46], "summary": {"covered_lines": 6, "num_statements": 6, "percent_covered": 100.0, "percent_covered_display": "100", "missing_lines": 0, "excluded_lines": 0}, "missing_lines": [], "excluded_lines": []}}, "classes": {"": {"executed_lines": [1, 3, 4, 5, 8, 10, 11, 15, 22, 23, 24, 25, 28, 30, 31, 35, 42, 43, 46, 48, 49, 56, 62], "summary": {"covered_lines": 22, "num_statements": 22, "percent_covered": 100.0, "percent_covered_display": "100", "missing_lines": 0, "excluded_lines": 0}, "missing_lines": [], "excluded_lines": []}}}, "tests/test_markdown_renderer.py": {"executed_lines": [1, 2, 3, 6, 8, 9, 11, 12, 15, 17, 18, 20, 21, 22, 25, 27, 28, 30, 31, 32, 35, 37, 38, 40, 43, 45, 46, 48], "summary": {"covered_lines": 28, "num_statements": 28, "percent_covered": 100.0, "percent_covered_display": "100", "missing_lines": 0, "excluded_lines": 0}, "missing_lines": [], "excluded_lines": [], "functions": {"test_render_markdown_simple": {"executed_lines": [8, 9, 11, 12], "summary": {"covered_lines": 4, "num_statements": 4, "percent_covered": 100.0, "percent_covered_display": "100", "missing_lines": 0, "excluded_lines": 0}, "missing_lines": [], "excluded_lines": []}, "test_render_markdown_with_code": {"executed_lines": [17, 18, 20, 21, 22], "summary": {"covered_lines": 5, "num_statements": 5, "percent_covered": 100.0, "percent_covered_display": "100", "missing_lines": 0, "excluded_lines": 0}, "missing_lines": [], "excluded_lines": []}, "test_render_markdown_with_lists": {"executed_lines": [27, 28, 30, 31, 32], "summary": {"covered_lines": 5, "num_statements": 5, "percent_covered": 100.0, "percent_covered_display": "100", "missing_lines": 0, "excluded_lines": 0}, "missing_lines": [], "excluded_lines": []}, "test_extract_title_from_first_heading": {"executed_lines": [37, 38, 40], "summary": {"covered_lines": 3, "num_statements": 3, "percent_covered": 100.0, "percent_covered_display": "100", "missing_lines": 0, "excluded_lines": 0}, "missing_lines": [], "excluded_lines": []}, "test_extract_title_default": {"executed_lines": [45, 46, 48], "summary": {"covered_lines": 3, "num_statements": 3, "percent_covered": 100.0, "percent_covered_display": "100", "missing_lines": 0, "excluded_lines": 0}, "missing_lines": [], "excluded_lines": []}, "": {"executed_lines": [1, 2, 3, 6, 15, 25, 35, 43], "summary": {"covered_lines": 8, "num_statements": 8, "percent_covered": 100.0, "percent_covered_display": "100", "missing_lines": 0, "excluded_lines": 0}, "missing_lines": [], "excluded_lines": []}}, "classes": {"": {"executed_lines": [1, 2, 3, 6, 8, 9, 11, 12, 15, 17, 18, 20, 21, 22, 25, 27, 28, 30, 31, 32, 35, 37, 38, 40, 43, 45, 46, 48], "summary": {"covered_lines": 28, "num_statements": 28, "percent_covered": 100.0, "percent_covered_display": "100", "missing_lines": 0, "excluded_lines": 0}, "missing_lines": [], "excluded_lines": []}}}, "tests/test_renderer_client.py": {"executed_lines": [1, 2, 3, 4, 6, 8, 9, 10, 11, 13, 15, 18, 21, 22, 25, 27, 29, 30, 33, 34, 35, 37, 39, 41, 42, 44, 45, 48, 49, 51, 53, 55, 56, 58, 59, 61, 62, 64, 66, 68, 69, 71, 73, 75, 76, 78, 80, 81, 83, 84, 85, 88, 90, 92, 93, 95, 96, 102, 103, 105], "summary": {"covered_lines": 60, "num_statements": 60, "percent_covered": 100.0, "percent_covered_display": "100", "missing_lines": 0, "excluded_lines": 0}, "missing_lines": [], "excluded_lines": [], "functions": {"test_renderer_client_init": {"executed_lines": [8, 9, 10, 11], "summary": {"covered_lines": 4, "num_statements": 4, "percent_covered": 100.0, "percent_covered_display": "100", "missing_lines": 0, "excluded_lines": 0}, "missing_lines": [], "excluded_lines": []}, "test_start_server": {"executed_lines": [15, 18, 21, 22, 25], "summary": {"covered_lines": 5, "num_statements": 5, "percent_covered": 100.0, "percent_covered_display": "100", "missing_lines": 0, "excluded_lines": 0}, "missing_lines": [], "excluded_lines": []}, "test_health_check": {"executed_lines": [29, 30, 33, 34, 35, 37], "summary": {"covered_lines": 6, "num_statements": 6, "percent_covered": 100.0, "percent_covered_display": "100", "missing_lines": 0, "excluded_lines": 0}, "missing_lines": [], "excluded_lines": []}, "test_render_pdf": {"executed_lines": [41, 42, 44, 45, 48, 49, 51], "summary": {"covered_lines": 7, "num_statements": 7, "percent_covered": 100.0, "percent_covered_display": "100", "missing_lines": 0, "excluded_lines": 0}, "missing_lines": [], "excluded_lines": []}, "test_render_html": {"executed_lines": [55, 56, 58, 59, 61, 62, 64], "summary": {"covered_lines": 7, "num_statements": 7, "percent_covered": 100.0, "percent_covered_display": "100", "missing_lines": 0, "excluded_lines": 0}, "missing_lines": [], "excluded_lines": []}, "test_stop_server": {"executed_lines": [68, 69, 71, 73, 75, 76], "summary": {"covered_lines": 6, "num_statements": 6, "percent_covered": 100.0, "percent_covered_display": "100", "missing_lines": 0, "excluded_lines": 0}, "missing_lines": [], "excluded_lines": []}, "test_context_manager": {"executed_lines": [80, 81, 83, 84, 85, 88], "summary": {"covered_lines": 6, "num_statements": 6, "percent_covered": 100.0, "percent_covered_display": "100", "missing_lines": 0, "excluded_lines": 0}, "missing_lines": [], "excluded_lines": []}, "test_render_pdf_with_options": {"executed_lines": [92, 93, 95, 96, 102, 103, 105], "summary": {"covered_lines": 7, "num_statements": 7, "percent_covered": 100.0, "percent_covered_display": "100", "missing_lines": 0, "excluded_lines": 0}, "missing_lines": [], "excluded_lines": []}, "": {"executed_lines": [1, 2, 3, 4, 6, 13, 27, 39, 53, 66, 78, 90], "summary": {"covered_lines": 12, "num_statements": 12, "percent_covered": 100.0, "percent_covered_display": "100", "missing_lines": 0, "excluded_lines": 0}, "missing_lines": [], "excluded_lines": []}}, "classes": {"": {"executed_lines": [1, 2, 3, 4, 6, 8, 9, 10, 11, 13, 15, 18, 21, 22, 25, 27, 29, 30, 33, 34, 35, 37, 39, 41, 42, 44, 45, 48, 49, 51, 53, 55, 56, 58, 59, 61, 62, 64, 66, 68, 69, 71, 73, 75, 76, 78, 80, 81, 83, 84, 85, 88, 90, 92, 93, 95, 96, 102, 103, 105], "summary": {"covered_lines": 60, "num_statements": 60, "percent_covered": 100.0, "percent_covered_display": "100", "missing_lines": 0, "excluded_lines": 0}, "missing_lines": [], "excluded_lines": []}}}, "tests/test_theme_manager.py": {"executed_lines": [1, 2, 3, 5, 7, 8, 9, 10, 11, 12, 14, 16, 17, 18, 19, 21, 23, 24, 26, 28, 34, 36, 37], "summary": {"covered_lines": 23, "num_statements": 23, "percent_covered": 100.0, "percent_covered_display": "100", "missing_lines": 0, "excluded_lines": 0}, "missing_lines": [], "excluded_lines": [], "functions": {"test_list_themes": {"executed_lines": [7, 8, 9, 10, 11, 12], "summary": {"covered_lines": 6, "num_statements": 6, "percent_covered": 100.0, "percent_covered_display": "100", "missing_lines": 0, "excluded_lines": 0}, "missing_lines": [], "excluded_lines": []}, "test_load_theme_css": {"executed_lines": [16, 17, 18, 19], "summary": {"covered_lines": 4, "num_statements": 4, "percent_covered": 100.0, "percent_covered_display": "100", "missing_lines": 0, "excluded_lines": 0}, "missing_lines": [], "excluded_lines": []}, "test_load_theme_css_invalid": {"executed_lines": [23, 24], "summary": {"covered_lines": 2, "num_statements": 2, "percent_covered": 100.0, "percent_covered_display": "100", "missing_lines": 0, "excluded_lines": 0}, "missing_lines": [], "excluded_lines": []}, "test_theme_manager_get_mermaid_theme": {"executed_lines": [28, 34, 36, 37], "summary": {"covered_lines": 4, "num_statements": 4, "percent_covered": 100.0, "percent_covered_display": "100", "missing_lines": 0, "excluded_lines": 0}, "missing_lines": [], "excluded_lines": []}, "": {"executed_lines": [1, 2, 3, 5, 14, 21, 26], "summary": {"covered_lines": 7, "num_statements": 7, "percent_covered": 100.0, "percent_covered_display": "100", "missing_lines": 0, "excluded_lines": 0}, "missing_lines": [], "excluded_lines": []}}, "classes": {"": {"executed_lines": [1, 2, 3, 5, 7, 8, 9, 10, 11, 12, 14, 16, 17, 18, 19, 21, 23, 24, 26, 28, 34, 36, 37], "summary": {"covered_lines": 23, "num_statements": 23, "percent_covered": 100.0, "percent_covered_display": "100", "missing_lines": 0, "excluded_lines": 0}, "missing_lines": [], "excluded_lines": []}}}, "theme_manager.py": {"executed_lines": [1, 7, 8, 11, 23, 25, 28, 29, 32, 50, 51, 53, 54, 55, 59, 62, 63, 70, 77, 79, 95, 96, 97], "summary": {"covered_lines": 21, "num_statements": 22, "percent_covered": 95.45454545454545, "percent_covered_display": "95", "missing_lines": 1, "excluded_lines": 0}, "missing_lines": [26], "excluded_lines": [], "functions": {"list_themes": {"executed_lines": [23, 25, 28, 29], "summary": {"covered_lines": 4, "num_statements": 5, "percent_covered": 80.0, "percent_covered_display": "80", "missing_lines": 1, "excluded_lines": 0}, "missing_lines": [26], "excluded_lines": []}, "load_theme_css": {"executed_lines": [50, 51, 53, 54, 55, 59], "summary": {"covered_lines": 6, "num_statements": 6, "percent_covered": 100.0, "percent_covered_display": "100", "missing_lines": 0, "excluded_lines": 0}, "missing_lines": [], "excluded_lines": []}, "ThemeManager.__init__": {"executed_lines": [77], "summary": {"covered_lines": 1, "num_statements": 1, "percent_covered": 100.0, "percent_covered_display": "100", "missing_lines": 0, "excluded_lines": 0}, "missing_lines": [], "excluded_lines": []}, "ThemeManager.get_mermaid_theme": {"executed_lines": [95, 96, 97], "summary": {"covered_lines": 3, "num_statements": 3, "percent_covered": 100.0, "percent_covered_display": "100", "missing_lines": 0, "excluded_lines": 0}, "missing_lines": [], "excluded_lines": []}, "": {"executed_lines": [1, 7, 8, 11, 32, 62, 63, 70, 79], "summary": {"covered_lines": 7, "num_statements": 7, "percent_covered": 100.0, "percent_covered_display": "100", "missing_lines": 0, "excluded_lines": 0}, "missing_lines": [], "excluded_lines": []}}, "classes": {"ThemeManager": {"executed_lines": [77, 95, 96, 97], "summary": {"covered_lines": 4, "num_statements": 4, "percent_covered": 100.0, "percent_covered_display": "100", "missing_lines": 0, "excluded_lines": 0}, "missing_lines": [], "excluded_lines": []}, "": {"executed_lines": [1, 7, 8, 11, 23, 25, 28, 29, 32, 50, 51, 53, 54, 55, 59, 62, 63, 70, 79], "summary": {"covered_lines": 17, "num_statements": 18, "percent_covered": 94.44444444444444, "percent_covered_display": "94", "missing_lines": 1, "excluded_lines": 0}, "missing_lines": [26], "excluded_lines": []}}}}, "totals": {"covered_lines": 669, "num_statements": 728, "percent_covered": 91.8956043956044, "percent_covered_display": "92", "missing_lines": 59, "excluded_lines": 0}}